<?xml version="1.0" encoding="UTF-8"?>
<!-- Generated by org.testng.reporters.JUnitReportReporter -->
<testsuite hostname="DESKTOP-3NTJDUT" name="com.training.regression.tests.RTTC_002" tests="1" failures="0" timestamp="5 Apr 2020 17:54:12 GMT" time="26.963" errors="0">
  <testcase name="Registeruser" time="26.963" classname="com.training.regression.tests.RTTC_002"/>
</testsuite> <!-- com.training.regression.tests.RTTC_002 -->
