<?xml version="1.0" encoding="UTF-8"?>
<!-- Generated by org.testng.reporters.JUnitReportReporter -->
<testsuite hostname="DESKTOP-3NTJDUT" name="com.training.regression.tests.RTTC_001" tests="1" failures="0" timestamp="5 Apr 2020 17:51:33 GMT" time="36.465" errors="0">
  <testcase name="Registeruser" time="36.465" classname="com.training.regression.tests.RTTC_001"/>
</testsuite> <!-- com.training.regression.tests.RTTC_001 -->
