<?xml version="1.0" encoding="UTF-8"?>
<!-- Generated by org.testng.reporters.JUnitReportReporter -->
<testsuite hostname="DESKTOP-3NTJDUT" name="com.training.regression.tests.RTTC_031" tests="1" failures="0" timestamp="13 Apr 2020 04:48:51 GMT" time="27.150" errors="0">
  <testcase name="Registeruser" time="27.150" classname="com.training.regression.tests.RTTC_031"/>
</testsuite> <!-- com.training.regression.tests.RTTC_031 -->
