<?xml version="1.0" encoding="UTF-8"?>
<!-- Generated by org.testng.reporters.JUnitReportReporter -->
<testsuite hostname="DESKTOP-3NTJDUT" name="com.training.regression.tests.RTTC_003" tests="1" failures="0" timestamp="5 Apr 2020 18:09:36 GMT" time="36.662" errors="0">
  <testcase name="Registeruser" time="36.662" classname="com.training.regression.tests.RTTC_003"/>
</testsuite> <!-- com.training.regression.tests.RTTC_003 -->
